ITSDA NGERO USBES IDESI AINTI NSURE DTHIS BEING TOLDT OQUEE QUEGH EATON
CECOM PLIED ANDAG AINPO LITEL YMOTI ONEDM ETOGE TINTO BEDRO LLING OVERT
OONES IDEAS MUCHA STOSA YIWON TTOUC HALEG OFYEG OODNI GHTLA NDLOR DSAID
IYOUM AYGOI TURNE DINAN DNEVE RSLEP TBETT ERINM YLIFE CHAPT ER4TH ECOUN
TERPA NEUPO NWAKI NGNEX TMORN INGAB OUTDA YLIGH TIFOU NDQUE EQUEG SARMT
HROWN OVERM EINTH EMOST LOVIN GANDA FFECT IONAT EMANN ERYOU HADAL MOSTT
HOUGH TIHAD BEENH ISWIF ETHEC OUNTE RPANE WASOF PATCH WORKF ULLOF ODDLI
TTLEP ARTIC OLOUR EDSQU ARESA NDTRI ANGLE SANDT HISAR MOFHI STATT OOEDA
LLOVE RWITH ANINT ERMIN ABLEC RETAN LABYR INTHO FAFIG URENO TWOPA RTSOF
WHICH WEREO FONEP RECIS ESHAD EOWIN GISUP POSET OHISK EEPIN GHISA RMATS
EAUNM ETHOD ICALL YINSU NANDS HADEH ISSHI RTSLE EVESI RREGU LARLY ROLLE
DUPAT VARIO USTIM ESTHI SSAME ARMOF HISIS AYLOO KEDFO RALLT HEWOR LDLIK
EASTR IPOFT HATSA MEPAT CHWOR KQUIL TINDE EDPAR TLYLY INGON ITAST HEARM
DIDWH ENIFI RSTAW OKEIC OULDH ARDLY TELLI TFROM THEQU ILTTH EYSOB LENDE
DTHEI RHUES TOGET HERAN DITWA SONLY BYTHE SENSE OFWEI GHTAN DPRES SURET
HATIC OULDT ELLTH ATQUE EQUEG WASHU GGING MEMYS ENSAT IONSW EREST RANGE
LETME TRYTO EXPLA INTHE MWHEN IWASA CHILD IWELL REMEM BERAS OMEWH ATSIM
ILARC IRCUM STANC ETHAT BEFEL LMEWH ETHER ITWAS AREAL ITYOR ADREA MINEV
ERCOU LDENT IRELY SETTL ETHEC IRCUM STANC EWAST HISIH ADBEE NCUTT INGUP
SOMEC APERO ROTHE RITHI NKITW ASTRY INGTO CRAWL UPTHE CHIMN EYASI HADSE
ENALI TTLEX
